<?xml version="1.0" encoding="UTF-8"?>
<!-- Generated by org.testng.reporters.JUnitXMLReporter -->
<testsuite hostname="DESKTOP-0AA0O4F" ignored="0" name="Default test" tests="3" failures="0" timestamp="27 Jan 2019 08:04:44 GMT" time="9.586" errors="0">
  <testcase name="testMethod" time="0.602" classname="com.dataprovider.example.Hover"/>
  <testcase name="testMethod" time="0.22" classname="com.dataprovider.example.Hover"/>
  <testcase name="testMethod" time="0.144" classname="com.dataprovider.example.Hover"/>
</testsuite> <!-- Default test -->
